<?xml version="1.0" encoding="utf-8"?><testsuites name="pytest tests"><testsuite name="pytest" errors="0" failures="0" skipped="0" tests="16" time="2.583" timestamp="2026-01-22T16:49:41.696308+00:00" hostname="agent-env-102af1c7-25f0-4223-9fa7-0e7e97b67419"><testcase classname="tests.test_cekilis_features.TestDrawsAPI" name="test_list_draws" time="0.386" /><testcase classname="tests.test_cekilis_features.TestDrawsAPI" name="test_create_draw" time="0.052" /><testcase classname="tests.test_cekilis_features.TestDrawsAPI" name="test_get_draw_detail" time="0.040" /><testcase classname="tests.test_cekilis_features.TestDrawsAPI" name="test_add_participant" time="0.045" /><testcase classname="tests.test_cekilis_features.TestDrawsAPI" name="test_list_participants" time="0.038" /><testcase classname="tests.test_cekilis_features.TestDrawsAPI" name="test_execute_draw_insufficient_participants" time="0.078" /><testcase classname="tests.test_cekilis_features.TestDrawsAPI" name="test_delete_draw" time="0.120" /><testcase classname="tests.test_cekilis_features.TestVocabularyAPI" name="test_list_words" time="0.042" /><testcase classname="tests.test_cekilis_features.TestVocabularyAPI" name="test_add_word" time="0.049" /><testcase classname="tests.test_cekilis_features.TestVocabularyAPI" name="test_get_word" time="0.037" /><testcase classname="tests.test_cekilis_features.TestVocabularyAPI" name="test_search_word" time="0.036" /><testcase classname="tests.test_cekilis_features.TestVocabularyAPI" name="test_update_word" time="0.041" /><testcase classname="tests.test_cekilis_features.TestVocabularyAPI" name="test_get_statistics" time="0.039" /><testcase classname="tests.test_cekilis_features.TestVocabularyAPI" name="test_quiz_generate_insufficient_words" time="0.038" /><testcase classname="tests.test_cekilis_features.TestVocabularyAPI" name="test_delete_word" time="0.081" /><testcase classname="tests.test_cekilis_features.TestDrawsIntegration" name="test_complete_draw_workflow" time="1.337" /></testsuite></testsuites>