<?xml version="1.0" encoding="utf-8"?><testsuites name="pytest tests"><testsuite name="pytest" errors="0" failures="0" skipped="0" tests="14" time="4.282" timestamp="2026-03-16T14:36:51.797925+00:00" hostname="agent-env-264dce90-9375-4973-9aec-d16cded01b9f"><testcase classname="backend.tests.test_metraj.TestMetrajCRUD" name="test_list_cetveller" time="0.652" /><testcase classname="backend.tests.test_metraj.TestMetrajCRUD" name="test_create_cetvel" time="0.239" /><testcase classname="backend.tests.test_metraj.TestMetrajCRUD" name="test_get_cetvel" time="0.180" /><testcase classname="backend.tests.test_metraj.TestMetrajCRUD" name="test_get_nonexistent_cetvel" time="0.066" /><testcase classname="backend.tests.test_metraj.TestMetrajCRUD" name="test_delete_cetvel" time="0.238" /><testcase classname="backend.tests.test_metraj.TestMetrajSatirCRUD" name="test_add_satir" time="0.309" /><testcase classname="backend.tests.test_metraj.TestMetrajSatirCRUD" name="test_update_satir" time="0.242" /><testcase classname="backend.tests.test_metraj.TestMetrajSatirCRUD" name="test_delete_satir" time="0.483" /><testcase classname="backend.tests.test_metraj.TestMetrajSatirCRUD" name="test_duplicate_satir" time="0.437" /><testcase classname="backend.tests.test_metraj.TestBulkUpdate" name="test_bulk_update" time="0.311" /><testcase classname="backend.tests.test_metraj.TestExcelExport" name="test_export_excel" time="0.272" /><testcase classname="backend.tests.test_metraj.TestBirimOptions" name="test_get_birim_options" time="0.060" /><testcase classname="backend.tests.test_metraj.TestCalculations" name="test_row_total_calculation" time="0.199" /><testcase classname="backend.tests.test_metraj.TestCalculations" name="test_grand_total_calculation" time="0.370" /></testsuite></testsuites>