<?xml version="1.0" encoding="utf-8"?><testsuites name="pytest tests"><testsuite name="pytest" errors="0" failures="0" skipped="0" tests="10" time="3.698" timestamp="2026-01-25T20:03:01.401474+00:00" hostname="agent-env-37c2fd50-fb1f-441c-b246-1e29d6a3a4d5"><testcase classname="tests.test_excel_export.TestExcelExportFiltered" name="test_export_all_reports" time="0.545" /><testcase classname="tests.test_excel_export.TestExcelExportFiltered" name="test_export_with_city_filter" time="0.414" /><testcase classname="tests.test_excel_export.TestExcelExportFiltered" name="test_export_with_firma_filter" time="0.311" /><testcase classname="tests.test_excel_export.TestExcelExportFiltered" name="test_export_with_project_filter" time="0.372" /><testcase classname="tests.test_excel_export.TestExcelExportFiltered" name="test_export_with_combined_filters" time="0.448" /><testcase classname="tests.test_excel_export.TestExcelExportFiltered" name="test_export_no_matching_reports" time="0.303" /><testcase classname="tests.test_excel_export.TestExcelExportFiltered" name="test_export_without_auth" time="0.307" /><testcase classname="tests.test_excel_export.TestDashboardStats" name="test_get_dashboard_stats" time="0.318" /><testcase classname="tests.test_excel_export.TestDashboardStats" name="test_get_raporlar_list" time="0.318" /><testcase classname="tests.test_excel_export.TestDashboardStats" name="test_get_projeler_list" time="0.300" /></testsuite></testsuites>