<?xml version="1.0" encoding="utf-8"?><testsuites name="pytest tests"><testsuite name="pytest" errors="0" failures="1" skipped="0" tests="10" time="3.878" timestamp="2026-01-25T20:02:41.565868+00:00" hostname="agent-env-37c2fd50-fb1f-441c-b246-1e29d6a3a4d5"><testcase classname="tests.test_excel_export.TestExcelExportFiltered" name="test_export_all_reports" time="0.588" /><testcase classname="tests.test_excel_export.TestExcelExportFiltered" name="test_export_with_city_filter" time="0.421" /><testcase classname="tests.test_excel_export.TestExcelExportFiltered" name="test_export_with_firma_filter" time="0.310" /><testcase classname="tests.test_excel_export.TestExcelExportFiltered" name="test_export_with_project_filter" time="0.352" /><testcase classname="tests.test_excel_export.TestExcelExportFiltered" name="test_export_with_combined_filters" time="0.455" /><testcase classname="tests.test_excel_export.TestExcelExportFiltered" name="test_export_no_matching_reports" time="0.314" /><testcase classname="tests.test_excel_export.TestExcelExportFiltered" name="test_export_without_auth" time="0.302"><failure message="assert 403 == 401&#10; +  where 403 = &lt;Response [403]&gt;.status_code">tests/test_excel_export.py:125: in test_export_without_auth
    assert response.status_code == 401
E   assert 403 == 401
E    +  where 403 = &lt;Response [403]&gt;.status_code</failure></testcase><testcase classname="tests.test_excel_export.TestDashboardStats" name="test_get_dashboard_stats" time="0.317" /><testcase classname="tests.test_excel_export.TestDashboardStats" name="test_get_raporlar_list" time="0.320" /><testcase classname="tests.test_excel_export.TestDashboardStats" name="test_get_projeler_list" time="0.300" /></testsuite></testsuites>