<?xml version="1.0" encoding="utf-8"?><testsuites name="pytest tests"><testsuite name="pytest" errors="0" failures="0" skipped="0" tests="21" time="7.248" timestamp="2026-02-15T20:45:35.894562+00:00" hostname="agent-env-50511132-2662-404f-876f-a0cfec8050e0"><testcase classname="backend.tests.test_kombinasyonlar.TestKombinasyonlarStats" name="test_stats_returns_200" time="0.183" /><testcase classname="backend.tests.test_kombinasyonlar.TestKombinasyonlarStats" name="test_stats_returns_total_combinations" time="0.137" /><testcase classname="backend.tests.test_kombinasyonlar.TestKombinasyonlarGenerate" name="test_generate_small_batch" time="0.249" /><testcase classname="backend.tests.test_kombinasyonlar.TestKombinasyonlarGenerate" name="test_generate_adds_to_existing" time="0.409" /><testcase classname="backend.tests.test_kombinasyonlar.TestKombinasyonlarGenerate" name="test_generate_invalid_count" time="0.113" /><testcase classname="backend.tests.test_kombinasyonlar.TestKombinasyonlarGenerate" name="test_generate_exceeds_max" time="0.131" /><testcase classname="backend.tests.test_kombinasyonlar.TestKombinasyonlarClear" name="test_clear_cache" time="0.365" /><testcase classname="backend.tests.test_kombinasyonlar.TestKombinasyonlarSearch" name="test_search_empty_cache" time="0.321" /><testcase classname="backend.tests.test_kombinasyonlar.TestKombinasyonlarSearch" name="test_search_format_with_plus" time="0.450" /><testcase classname="backend.tests.test_kombinasyonlar.TestKombinasyonlarSearch" name="test_search_format_with_dash" time="0.357" /><testcase classname="backend.tests.test_kombinasyonlar.TestKombinasyonlarSearch" name="test_search_format_with_spaces" time="0.353" /><testcase classname="backend.tests.test_kombinasyonlar.TestKombinasyonlarSearch" name="test_search_invalid_main_numbers" time="0.355" /><testcase classname="backend.tests.test_kombinasyonlar.TestKombinasyonlarSearch" name="test_search_invalid_bonus_number" time="0.395" /><testcase classname="backend.tests.test_kombinasyonlar.TestKombinasyonlarSearch" name="test_search_duplicate_main_numbers" time="0.371" /><testcase classname="backend.tests.test_kombinasyonlar.TestKombinasyonlarSample" name="test_sample_empty_cache" time="0.322" /><testcase classname="backend.tests.test_kombinasyonlar.TestKombinasyonlarSample" name="test_sample_returns_correct_count" time="0.387" /><testcase classname="backend.tests.test_kombinasyonlar.TestKombinasyonlarSample" name="test_sample_structure" time="0.624" /><testcase classname="backend.tests.test_kombinasyonlar.TestKombinasyonlarExportExcel" name="test_export_empty_cache" time="0.243" /><testcase classname="backend.tests.test_kombinasyonlar.TestKombinasyonlarExportExcel" name="test_export_returns_excel" time="0.405" /><testcase classname="backend.tests.test_kombinasyonlar.TestKombinasyonlarCombinationByIndex" name="test_get_combination_by_index" time="0.434" /><testcase classname="backend.tests.test_kombinasyonlar.TestKombinasyonlarCombinationByIndex" name="test_get_combination_not_found" time="0.519" /></testsuite></testsuites>